0 info it worked if it ends with ok
1 verbose cli [ '/usr/bin/nodejs', '/usr/bin/npm', 'install', 'ngstorage' ]
2 info using npm@1.3.10
3 info using node@v0.10.25
4 verbose cache add [ 'ngstorage', null ]
5 verbose cache add name=undefined spec="ngstorage" args=["ngstorage",null]
6 verbose parsed url { protocol: null,
6 verbose parsed url   slashes: null,
6 verbose parsed url   auth: null,
6 verbose parsed url   host: null,
6 verbose parsed url   port: null,
6 verbose parsed url   hostname: null,
6 verbose parsed url   hash: null,
6 verbose parsed url   search: null,
6 verbose parsed url   query: null,
6 verbose parsed url   pathname: 'ngstorage',
6 verbose parsed url   path: 'ngstorage',
6 verbose parsed url   href: 'ngstorage' }
7 silly lockFile 11dd4b0d-ngstorage ngstorage
8 verbose lock ngstorage /home/nabeel/.npm/11dd4b0d-ngstorage.lock
9 silly lockFile 11dd4b0d-ngstorage ngstorage
10 silly lockFile 11dd4b0d-ngstorage ngstorage
11 verbose addNamed [ 'ngstorage', '' ]
12 verbose addNamed [ null, '*' ]
13 silly lockFile 0ed9b154-ngstorage ngstorage@
14 verbose lock ngstorage@ /home/nabeel/.npm/0ed9b154-ngstorage.lock
15 silly addNameRange { name: 'ngstorage', range: '*', hasData: false }
16 verbose url raw ngstorage
17 verbose url resolving [ 'https://registry.npmjs.org/', './ngstorage' ]
18 verbose url resolved https://registry.npmjs.org/ngstorage
19 info trying registry request attempt 1 at 11:18:27
20 http GET https://registry.npmjs.org/ngstorage
21 http 404 https://registry.npmjs.org/ngstorage
22 silly registry.get cb [ 404,
22 silly registry.get   { date: 'Tue, 24 Feb 2015 05:48:28 GMT',
22 silly registry.get     server: 'CouchDB/1.5.0 (Erlang OTP/R16B03)',
22 silly registry.get     'content-type': 'application/json',
22 silly registry.get     'cache-control': 'max-age=0',
22 silly registry.get     'content-length': '52',
22 silly registry.get     'accept-ranges': 'bytes',
22 silly registry.get     via: '1.1 varnish',
22 silly registry.get     age: '0',
22 silly registry.get     'x-served-by': 'cache-lax1429-LAX',
22 silly registry.get     'x-cache': 'MISS',
22 silly registry.get     'x-cache-hits': '0',
22 silly registry.get     'x-timer': 'S1424756908.350656,VS0,VE77',
22 silly registry.get     'keep-alive': 'timeout=10, max=50',
22 silly registry.get     connection: 'Keep-Alive' } ]
23 silly lockFile 0ed9b154-ngstorage ngstorage@
24 silly lockFile 0ed9b154-ngstorage ngstorage@
25 error 404 'ngstorage' is not in the npm registry.
25 error 404 You should bug the author to publish it
25 error 404
25 error 404 Note that you can also install from a
25 error 404 tarball, folder, or http url, or git url.
26 error System Linux 3.13.0-24-generic
27 error command "/usr/bin/nodejs" "/usr/bin/npm" "install" "ngstorage"
28 error cwd /home/nabeel/Documents/Issue_tracker/js
29 error node -v v0.10.25
30 error npm -v 1.3.10
31 error code E404
32 verbose exit [ 1, true ]
